2019-06-20 18:16:59,317   GET     200     101 ms  /3/Cloud
2019-06-20 18:16:59,403   GET     200      68 ms  /3/Capabilities/API
2019-06-20 18:17:06,904   GET     200     114 ms  /flow/index.html
2019-06-20 18:17:06,997   GET     200     141 ms  /flow/css/flow.css
2019-06-20 18:17:07,389   GET     200     451 ms  /flow/js/flow.js
2019-06-20 18:17:07,673   GET     200       3 ms  /flow/img/h2o.png
2019-06-20 18:17:07,677   GET     200       3 ms  /flow/fonts/Lato-Regular.woff2
2019-06-20 18:17:07,705   GET     200       3 ms  /flow/fonts/fa-solid-900.woff2
2019-06-20 18:17:07,766   GET     200      56 ms  /flow/fonts/SourceCodePro-Regular.ttf.woff2
2019-06-20 18:17:08,047   GET     200      61 ms  /flow/index.html
2019-06-20 18:17:08,506   GET     200     339 ms  /3/Metadata/endpoints
2019-06-20 18:17:08,631   GET     200       6 ms  /flow/help/catalog.json
2019-06-20 18:17:08,636   GET     200      12 ms  /3/NodePersistentStorage/notebook
2019-06-20 18:17:08,636   GET     200      12 ms  /3/NodePersistentStorage/categories/environment/names/clips/exists
2019-06-20 18:17:08,670   GET     200       5 ms  /flow/img/h2o-flow.png
2019-06-20 18:17:08,676   POST    200      14 ms  /3/scalaint
2019-06-20 18:17:08,676   GET     200      19 ms  /3/About
2019-06-20 18:17:08,737   GET     200      30 ms  /flow/fonts/fa-regular-400.woff2
2019-06-20 18:17:08,873   GET     200     214 ms  /3/ModelBuilders
2019-06-20 18:17:08,897   GET     200     113 ms  /flow/fonts/Lato-Italic.woff2
2019-06-20 18:19:06,087   GET     200   10053 ms  /3/Frames/train/light
2019-06-20 18:19:49,246   GET     200     530 ms  /3/Frames/test/light
2019-06-20 18:21:14,465   GET     200     697 ms  /3/Frames/train
2019-06-20 18:24:53,717   GET     301       1 ms  /
2019-06-20 18:24:53,723   GET     200       3 ms  /flow/index.html
2019-06-20 18:24:53,760   POST    200      32 ms  /3/Shutdown
